d:\computación gráfica\practica 11\project\debug\project1.ilk
d:\computación gráfica\practica 11\project\debug\project1.exe
d:\computación gráfica\practica 11\project\debug\project1.pdb
d:\computación gráfica\practica 11\project\project1\debug\vc140.pdb
d:\computación gráfica\practica 11\project\project1\debug\vc140.idb
d:\computación gráfica\practica 11\project\project1\debug\camera.obj
d:\computación gráfica\practica 11\project\project1\debug\figuras.obj
d:\computación gráfica\practica 11\project\project1\debug\main_prac11new.obj
d:\computación gráfica\practica 11\project\project1\debug\texture.obj
e:\computación gráfica\practica 12\project\project1\debug\main.obj
e:\computación gráfica\practica 12\project\project1\debug\camera.obj
e:\computación gráfica\practica 12\project\project1\debug\figuras.obj
e:\computación gráfica\practica 12\project\project1\debug\texture.obj
e:\computación gráfica\practica 12\project\project1\debug\main_prac11new.obj
e:\computación gráfica\practica 12\project\project1\debug\vc140.idb
e:\computación gráfica\practica 12\project\project1\debug\vc140.pdb
e:\computación gráfica\practica 12\project\debug\project1.pdb
e:\computación gráfica\practica 12\project\debug\project1.exe
e:\computación gráfica\practica 12\project\debug\project1.ilk
e:\computación gráfica\practica 12\project\project1\debug\project1.tlog\cl.command.1.tlog
e:\computación gráfica\practica 12\project\project1\debug\project1.tlog\link.command.1.tlog
e:\computación gráfica\practica 12\project\project1\debug\project1.tlog\link.read.1.tlog
e:\computación gráfica\practica 12\project\project1\debug\project1.tlog\cl.read.1.tlog
e:\computación gráfica\practica 12\project\project1\debug\project1.tlog\link.write.1.tlog
e:\computación gráfica\practica 12\project\project1\debug\project1.tlog\cl.write.1.tlog
